SF:lib\validations\email_validation.dart
DA:2,1
DA:5,2
DA:6,1
LF:3
LH:3
end_of_record
SF:lib\validations\monthly_income.dart
DA:2,1
DA:6,2
LF:2
LH:2
end_of_record
SF:lib\validations\name_validation.dart
DA:2,1
DA:5,2
DA:6,1
LF:3
LH:3
end_of_record
SF:lib\validations\cpf_validation.dart
DA:2,1
DA:3,2
DA:4,1
DA:7,1
DA:16,1
DA:18,1
DA:20,2
DA:21,1
DA:22,1
DA:24,2
DA:25,1
DA:26,1
DA:28,2
DA:29,1
DA:30,1
DA:32,2
DA:33,0
DA:34,0
DA:36,0
DA:37,0
DA:38,0
DA:40,0
DA:41,0
DA:42,0
DA:44,0
DA:45,0
DA:46,0
DA:48,0
DA:49,0
DA:50,0
DA:52,0
DA:53,0
DA:54,0
DA:56,0
DA:57,0
DA:59,0
DA:60,0
DA:62,0
DA:64,0
DA:69,0
DA:76,0
DA:77,0
DA:78,0
DA:79,0
DA:81,0
DA:82,0
DA:83,0
DA:85,0
DA:86,0
DA:87,0
DA:89,0
DA:90,0
DA:91,0
DA:93,0
DA:94,0
DA:95,0
DA:97,0
DA:98,0
DA:99,0
DA:101,0
DA:102,0
DA:103,0
DA:105,0
DA:106,0
DA:107,0
DA:109,0
DA:110,0
DA:111,0
DA:113,0
DA:114,0
DA:115,0
DA:117,0
DA:118,0
DA:120,0
DA:121,0
DA:123,0
DA:125,0
DA:129,0
LF:78
LH:16
end_of_record
SF:lib\validations\password_validation.dart
DA:2,1
DA:5,2
DA:6,1
LF:3
LH:3
end_of_record
SF:lib\validations\telephone_validation.dart
DA:2,1
DA:5,2
DA:6,1
LF:3
LH:3
end_of_record
